  OpenGLprj.cpp
C:\Users\artur\cpp_projects\opengl prj (temp)\OpenGLprj\OpenGLprj.cpp(11,62): warning C4305: инициализация: усечение из "double" в "float"
C:\Users\artur\cpp_projects\opengl prj (temp)\OpenGLprj\OpenGLprj.cpp(67,25): warning C4834: отмена возвращаемого значения функции с атрибутом "nodiscard"
C:\Users\artur\cpp_projects\opengl prj (temp)\OpenGLprj\OpenGLprj.cpp(76,20): warning C4834: отмена возвращаемого значения функции с атрибутом "nodiscard"
C:\Users\artur\cpp_projects\opengl prj (temp)\OpenGLprj\OpenGLprj.cpp(87,24): warning C4834: отмена возвращаемого значения функции с атрибутом "nodiscard"
C:\Users\artur\cpp_projects\opengl prj (temp)\OpenGLprj\OpenGLprj.cpp(118,78): warning C4305: аргумент: усечение из "double" в "T"
          with
          [
              T=float
          ]
C:\Users\artur\cpp_projects\opengl prj (temp)\OpenGLprj\OpenGLprj.cpp(130,121): warning C4267: аргумент: преобразование из "size_t" в "GLsizei"; возможна потеря данных
C:\Users\artur\cpp_projects\opengl prj (temp)\OpenGLprj\OpenGLprj.cpp(133,63): warning C4305: аргумент: усечение из "double" в "T"
          with
          [
              T=float
          ]
C:\Users\artur\cpp_projects\opengl prj (temp)\OpenGLprj\3dMath\quat.h(28,14): warning C4244: инициализация: преобразование "double" в "T", возможна потеря данных
          with
          [
              T=float
          ]
C:\Users\artur\cpp_projects\opengl prj (temp)\OpenGLprj\3dMath\quat.h(27): message : во время компиляции функции-члена класс шаблон "m3d::quat<float>::quat(T,const m3d::vec3<T> &)"
          with
          [
              T=float
          ]
C:\Users\artur\cpp_projects\opengl prj (temp)\OpenGLprj\OpenGLprj.cpp(118): message : выполняется компиляция ссылки на экземпляр шаблон функции "m3d::quat<float>::quat(T,const m3d::vec3<T> &)"
          with
          [
              T=float
          ]
C:\Users\artur\cpp_projects\opengl prj (temp)\OpenGLprj\OpenGLprj.cpp(118): message : выполняется компиляция ссылки на экземпляр класс шаблон функции "m3d::quat<float>"
C:\Users\artur\cpp_projects\opengl prj (temp)\OpenGLprj\3dMath\quat.h(29,16): warning C4244: =: преобразование "double" в "T", возможна потеря данных
          with
          [
              T=float
          ]
C:\Users\artur\cpp_projects\opengl prj (temp)\OpenGLprj\3dMath\mat4.h(157,9): warning C4244: инициализация: преобразование "double" в "T", возможна потеря данных
          with
          [
              T=float
          ]
C:\Users\artur\cpp_projects\opengl prj (temp)\OpenGLprj\3dMath\mat4.h(156): message : во время компиляции функции-члена класс шаблон "m3d::mat4<float> &m3d::mat4<float>::init_rotation(const m3d::quat<float> &)"
C:\Users\artur\cpp_projects\opengl prj (temp)\OpenGLprj\OpenGLprj.cpp(118): message : выполняется компиляция ссылки на экземпляр шаблон функции "m3d::mat4<float> &m3d::mat4<float>::init_rotation(const m3d::quat<float> &)"
C:\Users\artur\cpp_projects\opengl prj (temp)\OpenGLprj\OpenGLprj.cpp(82): message : выполняется компиляция ссылки на экземпляр класс шаблон функции "m3d::mat4<float>"
C:\Users\artur\cpp_projects\opengl prj (temp)\OpenGLprj\3dMath\mat4.h(157,31): warning C4244: инициализация: преобразование "double" в "T", возможна потеря данных
          with
          [
              T=float
          ]
C:\Users\artur\cpp_projects\opengl prj (temp)\OpenGLprj\3dMath\mat4.h(157,53): warning C4244: инициализация: преобразование "double" в "T", возможна потеря данных
          with
          [
              T=float
          ]
C:\Users\artur\cpp_projects\opengl prj (temp)\OpenGLprj\3dMath\mat4.h(158,8): warning C4244: инициализация: преобразование "double" в "T", возможна потеря данных
          with
          [
              T=float
          ]
C:\Users\artur\cpp_projects\opengl prj (temp)\OpenGLprj\3dMath\mat4.h(158,30): warning C4244: инициализация: преобразование "double" в "T", возможна потеря данных
          with
          [
              T=float
          ]
C:\Users\artur\cpp_projects\opengl prj (temp)\OpenGLprj\3dMath\mat4.h(158,52): warning C4244: инициализация: преобразование "double" в "T", возможна потеря данных
          with
          [
              T=float
          ]
C:\Users\artur\cpp_projects\opengl prj (temp)\OpenGLprj\3dMath\mat4.h(159,8): warning C4244: инициализация: преобразование "double" в "T", возможна потеря данных
          with
          [
              T=float
          ]
C:\Users\artur\cpp_projects\opengl prj (temp)\OpenGLprj\3dMath\mat4.h(159,30): warning C4244: инициализация: преобразование "double" в "T", возможна потеря данных
          with
          [
              T=float
          ]
C:\Users\artur\cpp_projects\opengl prj (temp)\OpenGLprj\3dMath\mat4.h(159,52): warning C4244: инициализация: преобразование "double" в "T", возможна потеря данных
          with
          [
              T=float
          ]
C:\Users\artur\cpp_projects\opengl prj (temp)\OpenGLprj\3dMath\mat4.h(161,23): warning C4244: =: преобразование "double" в "T", возможна потеря данных
          with
          [
              T=float
          ]
C:\Users\artur\cpp_projects\opengl prj (temp)\OpenGLprj\3dMath\mat4.h(162,48): warning C4244: =: преобразование "double" в "T", возможна потеря данных
          with
          [
              T=float
          ]
C:\Users\artur\cpp_projects\opengl prj (temp)\OpenGLprj\3dMath\mat4.h(163,74): warning C4244: =: преобразование "double" в "T", возможна потеря данных
          with
          [
              T=float
          ]
C:\Users\artur\cpp_projects\opengl prj (temp)\OpenGLprj\3dMath\mat4.h(109,37): warning C4244: =: преобразование "double" в "T", возможна потеря данных
          with
          [
              T=float
          ]
C:\Users\artur\cpp_projects\opengl prj (temp)\OpenGLprj\3dMath\mat4.h(108): message : во время компиляции функции-члена класс шаблон "m3d::mat4<float> &m3d::mat4<float>::init_perspective(const m3d::PersProjInfo &)"
C:\Users\artur\cpp_projects\opengl prj (temp)\OpenGLprj\OpenGLprj.cpp(83): message : выполняется компиляция ссылки на экземпляр шаблон функции "m3d::mat4<float> &m3d::mat4<float>::init_perspective(const m3d::PersProjInfo &)"
C:\Users\artur\cpp_projects\opengl prj (temp)\OpenGLprj\3dMath\mat4.h(110,33): warning C4244: =: преобразование "double" в "T", возможна потеря данных
          with
          [
              T=float
          ]
C:\Users\artur\cpp_projects\opengl prj (temp)\OpenGLprj\3dMath\mat4.h(111,127): warning C4244: =: преобразование "double" в "T", возможна потеря данных
          with
          [
              T=float
          ]
  OpenGLprj.vcxproj -> C:\Users\artur\cpp_projects\opengl prj (temp)\x64\Debug\OpenGLprj.exe
